#
# A fatal error has been detected by the Java Runtime Environment:
#
#  EXCEPTION_ACCESS_VIOLATION (0xc0000005) at pc=0x0000000050d44a44, pid=3804, tid=0x0000000000000434
#
# JRE version: Java(TM) SE Runtime Environment (8.0_211-b12) (build 1.8.0_211-b12)
# Java VM: Java HotSpot(TM) 64-Bit Server VM (25.211-b12 mixed mode windows-amd64 compressed oops)
# Problematic frame:
# V  [jvm.dll+0x484a44]
#
# Failed to write core dump. Minidumps are not enabled by default on client versions of Windows
#
# If you would like to submit a bug report, please visit:
#   http://bugreport.java.com/bugreport/crash.jsp
#

---------------  T H R E A D  ---------------

Current thread (0x000000001c6c9800):  JavaThread "C2 CompilerThread0" daemon [_thread_in_native, id=1076, stack(0x000000001dd50000,0x000000001de50000)]

siginfo: ExceptionCode=0xc0000005, reading address 0x0000000000000010

Registers:
RAX=0x0000000000000000, RBX=0x00000000000001e8, RCX=0x000000001798b458, RDX=0x000000001ed23918
RSP=0x000000001de4bc00, RBP=0x00000000219f4360, RSI=0x0000000000000000, RDI=0x000000000000003d
R8 =0x00000000219f4310, R9 =0x00000000219cb050, R10=0x00000000219f43b0, R11=0x00000000219f4360
R12=0x00000000219cb050, R13=0x0000000021595e10, R14=0x000000001e348118, R15=0x0000000000000018
RIP=0x0000000050d44a44, EFLAGS=0x0000000000010202

Top of Stack: (sp=0x000000001de4bc00)
0x000000001de4bc00:   0000000000000008 0000000000000000
0x000000001de4bc10:   0000000000000001 0000000021595e10
0x000000001de4bc20:   000000000000083c 00000000218d70d0
0x000000001de4bc30:   00000000001ea1f8 00000000218e4c20
0x000000001de4bc40:   0000000021595e10 00000000218e4c20
0x000000001de4bc50:   000000001c686ee0 0000000050f3eec8
0x000000001de4bc60:   000000001c686ee0 0000000000000200
0x000000001de4bc70:   0000000020a5b530 0000000000000001
0x000000001de4bc80:   0000000000000001 000000001c686ee0
0x000000001de4bc90:   000000000000001d 000000001fe035a0
0x000000001de4bca0:   000000001c686ee0 000000001de4c160
0x000000001de4bcb0:   0000000000000000 000000001de4bdd0
0x000000001de4bcc0:   000000001de4c180 0000000050d891eb
0x000000001de4bcd0:   000000001de4c160 0000000000000f1f
0x000000001de4bce0:   00000000219cb050 00000000219f4360
0x000000001de4bcf0:   000000001fe035f0 000000001fe0b588 

Instructions: (pc=0x0000000050d44a44)
0x0000000050d44a24:   00 48 8b de 0f 1f 84 00 00 00 00 00 49 8b 46 08
0x0000000050d44a34:   48 8b 0c 03 48 85 c9 0f 84 8a 00 00 00 48 8b 01
0x0000000050d44a44:   ff 50 10 84 c0 0f 84 7c 00 00 00 49 8b 46 08 48
0x0000000050d44a54:   8b 0c 03 8b 41 28 41 8b 4c 85 00 83 f9 ff 74 67 


Register to memory mapping:

RAX=0x0000000000000000 is an unknown value
RBX=0x00000000000001e8 is an unknown value
RCX=0x000000001798b458 is an unknown value
RDX=0x000000001ed23918 is an unknown value
RSP=0x000000001de4bc00 is pointing into the stack for thread: 0x000000001c6c9800
RBP=0x00000000219f4360 is an unknown value
RSI=0x0000000000000000 is an unknown value
RDI=0x000000000000003d is an unknown value
R8 =0x00000000219f4310 is an unknown value
R9 =0x00000000219cb050 is an unknown value
R10=0x00000000219f43b0 is an unknown value
R11=0x00000000219f4360 is an unknown value
R12=0x00000000219cb050 is an unknown value
R13=0x0000000021595e10 is an unknown value
R14=0x000000001e348118 is an unknown value
R15=0x0000000000000018 is an unknown value


Stack: [0x000000001dd50000,0x000000001de50000],  sp=0x000000001de4bc00,  free space=1007k
Native frames: (J=compiled Java code, j=interpreted, Vv=VM code, C=native code)
V  [jvm.dll+0x484a44]
V  [jvm.dll+0x4c91eb]
V  [jvm.dll+0x479880]
V  [jvm.dll+0x47a6b3]
V  [jvm.dll+0x45cfa2]
V  [jvm.dll+0xa6b22]
V  [jvm.dll+0xa746f]
V  [jvm.dll+0x2466ff]
V  [jvm.dll+0x29fc6a]
C  [msvcr100.dll+0x21d9f]
C  [msvcr100.dll+0x21e3b]
C  [KERNEL32.DLL+0x17bd4]
C  [ntdll.dll+0x6ced1]


Current CompileTask:
C2:   2217 3304       4       java.net.URLClassLoader$1::run (5 bytes)


---------------  P R O C E S S  ---------------

Java Threads: ( => current thread )
  0x000000001f587800 JavaThread "BuilderThread 0" [_thread_in_Java, id=10268, stack(0x00000000208f0000,0x00000000209f0000)]
  0x000000001e08b800 JavaThread "Service Thread" daemon [_thread_blocked, id=2120, stack(0x000000001e450000,0x000000001e550000)]
  0x000000001c6e3800 JavaThread "C1 CompilerThread2" daemon [_thread_blocked, id=13340, stack(0x000000001df50000,0x000000001e050000)]
  0x000000001c6ce800 JavaThread "C2 CompilerThread1" daemon [_thread_in_native, id=1808, stack(0x000000001de50000,0x000000001df50000)]
=>0x000000001c6c9800 JavaThread "C2 CompilerThread0" daemon [_thread_in_native, id=1076, stack(0x000000001dd50000,0x000000001de50000)]
  0x000000001c6c6800 JavaThread "Attach Listener" daemon [_thread_blocked, id=13372, stack(0x000000001dc50000,0x000000001dd50000)]
  0x000000001c6c3800 JavaThread "Signal Dispatcher" daemon [_thread_blocked, id=4392, stack(0x000000001db50000,0x000000001dc50000)]
  0x00000000030cd000 JavaThread "Finalizer" daemon [_thread_blocked, id=2560, stack(0x000000001d910000,0x000000001da10000)]
  0x00000000030c3000 JavaThread "Reference Handler" daemon [_thread_blocked, id=5668, stack(0x000000001d810000,0x000000001d910000)]
  0x000000000180e800 JavaThread "main" [_thread_blocked, id=6580, stack(0x0000000002e90000,0x0000000002f90000)]

Other Threads:
  0x000000001c687800 VMThread [stack: 0x000000001d710000,0x000000001d810000] [id=13888]
  0x000000001c71d800 WatcherThread [stack: 0x000000001e550000,0x000000001e650000] [id=4684]

VM state:not at safepoint (normal execution)

VM Mutex/Monitor currently owned by a thread: None

heap address: 0x00000006c2000000, size: 4064 MB, Compressed Oops mode: Zero based, Oop shift amount: 3
Narrow klass base: 0x0000000000000000, Narrow klass shift: 3
Compressed class space size: 1073741824 Address: 0x00000007c0000000

Heap:
 PSYoungGen      total 75776K, used 42915K [0x000000076b580000, 0x0000000774980000, 0x00000007c0000000)
  eden space 65024K, 50% used [0x000000076b580000,0x000000076d5a7f38,0x000000076f500000)
  from space 10752K, 92% used [0x000000076f500000,0x000000076fec0f68,0x000000076ff80000)
  to   space 10752K, 0% used [0x0000000773f00000,0x0000000773f00000,0x0000000774980000)
 ParOldGen       total 173568K, used 32K [0x00000006c2000000, 0x00000006cc980000, 0x000000076b580000)
  object space 173568K, 0% used [0x00000006c2000000,0x00000006c2008000,0x00000006cc980000)
 Metaspace       used 18358K, capacity 18942K, committed 19200K, reserved 1067008K
  class space    used 2156K, capacity 2304K, committed 2304K, reserved 1048576K

Card table byte_map: [0x0000000012490000,0x0000000012c90000] byte_map_base: 0x000000000ee80000

Marking Bits: (ParMarkBitMap*) 0x00000000510e5ce0
 Begin Bits: [0x00000000135e0000, 0x0000000017560000)
 End Bits:   [0x0000000017560000, 0x000000001b4e0000)

Polling page: 0x0000000002f90000

CodeCache: size=245760Kb used=11743Kb max_used=11743Kb free=234016Kb
 bounds [0x00000000030d0000, 0x0000000003c60000, 0x00000000120d0000]
 total_blobs=3715 nmethods=3338 adapters=289
 compilation: enabled

Compilation events (10 events):
Event: 2.181 Thread 0x000000001c6e3800 3339       3       org.codehaus.plexus.util.AbstractScanner::matchPath (7 bytes)
Event: 2.181 Thread 0x000000001c6e3800 nmethod 3339 0x0000000003c4cf50 code [0x0000000003c4d0c0, 0x0000000003c4d228]
Event: 2.181 Thread 0x000000001c6e3800 3340       3       org.codehaus.plexus.util.SelectorUtils::matchPath (129 bytes)
Event: 2.181 Thread 0x000000001c6e3800 nmethod 3340 0x0000000003c4d2d0 code [0x0000000003c4d5a0, 0x0000000003c4f0f8]
Event: 2.181 Thread 0x000000001c6e3800 3342       3       org.codehaus.plexus.util.SelectorUtils::equals (37 bytes)
Event: 2.182 Thread 0x000000001c6e3800 nmethod 3342 0x0000000003c4fc90 code [0x0000000003c4fe20, 0x0000000003c50138]
Event: 2.191 Thread 0x000000001c6e3800 3345       3       org.codehaus.plexus.util.AbstractScanner::isExcluded (38 bytes)
Event: 2.192 Thread 0x000000001c6e3800 nmethod 3345 0x0000000003c50250 code [0x0000000003c503e0, 0x0000000003c50708]
Event: 2.194 Thread 0x000000001c6e3800 3346       1       org.codehaus.plexus.util.DirectoryScanner::isSelected (2 bytes)
Event: 2.194 Thread 0x000000001c6e3800 nmethod 3346 0x0000000003c2b150 code [0x0000000003c2b2a0, 0x0000000003c2b3b0]

GC Heap History (6 events):
Event: 0.873 GC heap before
{Heap before GC invocations=1 (full 0):
 PSYoungGen      total 75776K, used 65024K [0x000000076b580000, 0x0000000770a00000, 0x00000007c0000000)
  eden space 65024K, 100% used [0x000000076b580000,0x000000076f500000,0x000000076f500000)
  from space 10752K, 0% used [0x000000076ff80000,0x000000076ff80000,0x0000000770a00000)
  to   space 10752K, 0% used [0x000000076f500000,0x000000076f500000,0x000000076ff80000)
 ParOldGen       total 173568K, used 0K [0x00000006c2000000, 0x00000006cc980000, 0x000000076b580000)
  object space 173568K, 0% used [0x00000006c2000000,0x00000006c2000000,0x00000006cc980000)
 Metaspace       used 11973K, capacity 12212K, committed 12416K, reserved 1060864K
  class space    used 1474K, capacity 1576K, committed 1664K, reserved 1048576K
Event: 0.879 GC heap after
Heap after GC invocations=1 (full 0):
 PSYoungGen      total 75776K, used 10013K [0x000000076b580000, 0x0000000770a00000, 0x00000007c0000000)
  eden space 65024K, 0% used [0x000000076b580000,0x000000076b580000,0x000000076f500000)
  from space 10752K, 93% used [0x000000076f500000,0x000000076fec77d0,0x000000076ff80000)
  to   space 10752K, 0% used [0x000000076ff80000,0x000000076ff80000,0x0000000770a00000)
 ParOldGen       total 173568K, used 16K [0x00000006c2000000, 0x00000006cc980000, 0x000000076b580000)
  object space 173568K, 0% used [0x00000006c2000000,0x00000006c2004000,0x00000006cc980000)
 Metaspace       used 11973K, capacity 12212K, committed 12416K, reserved 1060864K
  class space    used 1474K, capacity 1576K, committed 1664K, reserved 1048576K
}
Event: 1.503 GC heap before
{Heap before GC invocations=2 (full 0):
 PSYoungGen      total 75776K, used 75037K [0x000000076b580000, 0x0000000770a00000, 0x00000007c0000000)
  eden space 65024K, 100% used [0x000000076b580000,0x000000076f500000,0x000000076f500000)
  from space 10752K, 93% used [0x000000076f500000,0x000000076fec77d0,0x000000076ff80000)
  to   space 10752K, 0% used [0x000000076ff80000,0x000000076ff80000,0x0000000770a00000)
 ParOldGen       total 173568K, used 16K [0x00000006c2000000, 0x00000006cc980000, 0x000000076b580000)
  object space 173568K, 0% used [0x00000006c2000000,0x00000006c2004000,0x00000006cc980000)
 Metaspace       used 15849K, capacity 16164K, committed 16384K, reserved 1062912K
  class space    used 1911K, capacity 2020K, committed 2048K, reserved 1048576K
Event: 1.513 GC heap after
Heap after GC invocations=2 (full 0):
 PSYoungGen      total 75776K, used 9422K [0x000000076b580000, 0x0000000774980000, 0x00000007c0000000)
  eden space 65024K, 0% used [0x000000076b580000,0x000000076b580000,0x000000076f500000)
  from space 10752K, 87% used [0x000000076ff80000,0x00000007708b3920,0x0000000770a00000)
  to   space 10752K, 0% used [0x000000076f500000,0x000000076f500000,0x000000076ff80000)
 ParOldGen       total 173568K, used 24K [0x00000006c2000000, 0x00000006cc980000, 0x000000076b580000)
  object space 173568K, 0% used [0x00000006c2000000,0x00000006c2006000,0x00000006cc980000)
 Metaspace       used 15849K, capacity 16164K, committed 16384K, reserved 1062912K
  class space    used 1911K, capacity 2020K, committed 2048K, reserved 1048576K
}
Event: 1.962 GC heap before
{Heap before GC invocations=3 (full 0):
 PSYoungGen      total 75776K, used 74446K [0x000000076b580000, 0x0000000774980000, 0x00000007c0000000)
  eden space 65024K, 100% used [0x000000076b580000,0x000000076f500000,0x000000076f500000)
  from space 10752K, 87% used [0x000000076ff80000,0x00000007708b3920,0x0000000770a00000)
  to   space 10752K, 0% used [0x000000076f500000,0x000000076f500000,0x000000076ff80000)
 ParOldGen       total 173568K, used 24K [0x00000006c2000000, 0x00000006cc980000, 0x000000076b580000)
  object space 173568K, 0% used [0x00000006c2000000,0x00000006c2006000,0x00000006cc980000)
 Metaspace       used 17110K, capacity 17526K, committed 17792K, reserved 1064960K
  class space    used 2001K, capacity 2093K, committed 2176K, reserved 1048576K
Event: 1.968 GC heap after
Heap after GC invocations=3 (full 0):
 PSYoungGen      total 75776K, used 9987K [0x000000076b580000, 0x0000000774980000, 0x00000007c0000000)
  eden space 65024K, 0% used [0x000000076b580000,0x000000076b580000,0x000000076f500000)
  from space 10752K, 92% used [0x000000076f500000,0x000000076fec0f68,0x000000076ff80000)
  to   space 10752K, 0% used [0x0000000773f00000,0x0000000773f00000,0x0000000774980000)
 ParOldGen       total 173568K, used 32K [0x00000006c2000000, 0x00000006cc980000, 0x000000076b580000)
  object space 173568K, 0% used [0x00000006c2000000,0x00000006c2008000,0x00000006cc980000)
 Metaspace       used 17110K, capacity 17526K, committed 17792K, reserved 1064960K
  class space    used 2001K, capacity 2093K, committed 2176K, reserved 1048576K
}

Deoptimization events (10 events):
Event: 1.784 Thread 0x000000001f587800 Uncommon trap: reason=unstable_if action=reinterpret pc=0x0000000003a3b7dc method=java.lang.ThreadLocal$ThreadLocalMap.getEntry(Ljava/lang/ThreadLocal;)Ljava/lang/ThreadLocal$ThreadLocalMap$Entry; @ 29
Event: 1.784 Thread 0x000000001f587800 Uncommon trap: reason=unstable_if action=reinterpret pc=0x00000000039e8c2c method=java.lang.ThreadLocal$ThreadLocalMap.getEntry(Ljava/lang/ThreadLocal;)Ljava/lang/ThreadLocal$ThreadLocalMap$Entry; @ 29
Event: 1.789 Thread 0x000000001f587800 Uncommon trap: reason=unstable_if action=reinterpret pc=0x0000000003633298 method=java.lang.reflect.Modifier.isSynthetic(I)Z @ 5
Event: 1.893 Thread 0x000000001f587800 Uncommon trap: reason=unstable_if action=reinterpret pc=0x0000000003471d84 method=java.util.concurrent.ConcurrentHashMap.putVal(Ljava/lang/Object;Ljava/lang/Object;Z)Ljava/lang/Object; @ 206
Event: 2.048 Thread 0x000000001f587800 Uncommon trap: reason=predicate action=maybe_recompile pc=0x0000000003ba3590 method=java.util.TimSort.binarySort([Ljava/lang/Object;IIILjava/util/Comparator;)V @ 37
Event: 2.106 Thread 0x000000001f587800 Uncommon trap: reason=array_check action=maybe_recompile pc=0x0000000003bb2210 method=java.util.TimSort.binarySort([Ljava/lang/Object;IIILjava/util/Comparator;)V @ 215
Event: 2.106 Thread 0x000000001f587800 Uncommon trap: reason=array_check action=maybe_recompile pc=0x0000000003bb2210 method=java.util.TimSort.binarySort([Ljava/lang/Object;IIILjava/util/Comparator;)V @ 215
Event: 2.106 Thread 0x000000001f587800 Uncommon trap: reason=array_check action=maybe_recompile pc=0x0000000003bb239c method=java.util.TimSort.binarySort([Ljava/lang/Object;IIILjava/util/Comparator;)V @ 183
Event: 2.106 Thread 0x000000001f587800 Uncommon trap: reason=array_check action=maybe_recompile pc=0x0000000003bb22d4 method=java.util.TimSort.binarySort([Ljava/lang/Object;IIILjava/util/Comparator;)V @ 193
Event: 2.106 Thread 0x000000001f587800 Uncommon trap: reason=array_check action=maybe_recompile pc=0x0000000003bb22d4 method=java.util.TimSort.binarySort([Ljava/lang/Object;IIILjava/util/Comparator;)V @ 193

Classes redefined (0 events):
No events

Internal exceptions (10 events):
Event: 1.038 Thread 0x000000000180e800 Exception <a 'java/lang/NullPointerException'> (0x000000076c3e1110) thrown at [C:\re\workspace\8-2-build-windows-amd64-cygwin\jdk8u211\12973\hotspot\src\share\vm\interpreter\linkResolver.cpp, line 1185]
Event: 1.038 Thread 0x000000000180e800 Exception <a 'java/lang/NullPointerException'> (0x000000076c3e1328) thrown at [C:\re\workspace\8-2-build-windows-amd64-cygwin\jdk8u211\12973\hotspot\src\share\vm\interpreter\linkResolver.cpp, line 1185]
Event: 1.040 Thread 0x000000000180e800 Exception <a 'java/lang/NullPointerException'> (0x000000076c3eacb8) thrown at [C:\re\workspace\8-2-build-windows-amd64-cygwin\jdk8u211\12973\hotspot\src\share\vm\interpreter\linkResolver.cpp, line 1185]
Event: 1.040 Thread 0x000000000180e800 Exception <a 'java/lang/NullPointerException'> (0x000000076c3eaed0) thrown at [C:\re\workspace\8-2-build-windows-amd64-cygwin\jdk8u211\12973\hotspot\src\share\vm\interpreter\linkResolver.cpp, line 1185]
Event: 1.040 Thread 0x000000000180e800 Exception <a 'java/lang/NullPointerException'> (0x000000076c3eb0e8) thrown at [C:\re\workspace\8-2-build-windows-amd64-cygwin\jdk8u211\12973\hotspot\src\share\vm\interpreter\linkResolver.cpp, line 1185]
Event: 1.054 Thread 0x000000000180e800 Implicit null exception at 0x00000000032c7594 to 0x00000000032c7945
Event: 1.054 Thread 0x000000000180e800 Implicit null exception at 0x00000000032ac6d6 to 0x00000000032aca71
Event: 1.151 Thread 0x000000001f587800 Implicit null exception at 0x00000000034b17d5 to 0x00000000034b19d9
Event: 1.181 Thread 0x000000001f587800 Implicit null exception at 0x00000000036fb883 to 0x00000000036fbacd
Event: 1.553 Thread 0x000000001f587800 Implicit null exception at 0x00000000038905eb to 0x0000000003890e01

Events (10 events):
Event: 2.177 loading class org/codehaus/plexus/util/AbstractScanner
Event: 2.177 loading class org/codehaus/plexus/util/AbstractScanner done
Event: 2.177 loading class org/codehaus/plexus/util/Scanner
Event: 2.177 loading class org/codehaus/plexus/util/Scanner done
Event: 2.177 loading class org/codehaus/plexus/util/Scanner
Event: 2.177 loading class org/codehaus/plexus/util/Scanner done
Event: 2.178 loading class org/codehaus/plexus/util/SelectorUtils
Event: 2.178 loading class org/codehaus/plexus/util/SelectorUtils done
Event: 2.178 loading class org/codehaus/plexus/util/SelectorUtils
Event: 2.178 loading class org/codehaus/plexus/util/SelectorUtils done


Dynamic libraries:
0x00007ff7e96c0000 - 0x00007ff7e96f7000 	C:\Program Files\Java\jdk1.8.0_211\bin\javaw.exe
0x00007ffc9ffe0000 - 0x00007ffca01d0000 	C:\Windows\SYSTEM32\ntdll.dll
0x00007ffc9eaf0000 - 0x00007ffc9eba2000 	C:\Windows\System32\KERNEL32.DLL
0x00007ffc9d830000 - 0x00007ffc9dad3000 	C:\Windows\System32\KERNELBASE.dll
0x00007ffc9eee0000 - 0x00007ffc9ef83000 	C:\Windows\System32\ADVAPI32.dll
0x00007ffc9e2f0000 - 0x00007ffc9e38e000 	C:\Windows\System32\msvcrt.dll
0x00007ffc9ed10000 - 0x00007ffc9eda7000 	C:\Windows\System32\sechost.dll
0x00007ffc9e900000 - 0x00007ffc9ea20000 	C:\Windows\System32\RPCRT4.dll
0x00007ffc9f190000 - 0x00007ffc9f324000 	C:\Windows\System32\USER32.dll
0x00007ffc9d7a0000 - 0x00007ffc9d7c1000 	C:\Windows\System32\win32u.dll
0x00007ffc9e2b0000 - 0x00007ffc9e2d6000 	C:\Windows\System32\GDI32.dll
0x00007ffc9dea0000 - 0x00007ffc9e034000 	C:\Windows\System32\gdi32full.dll
0x00007ffc9dae0000 - 0x00007ffc9db7e000 	C:\Windows\System32\msvcp_win.dll
0x00007ffc9dda0000 - 0x00007ffc9de9a000 	C:\Windows\System32\ucrtbase.dll
0x00007ffc92dc0000 - 0x00007ffc93045000 	C:\Windows\WinSxS\amd64_microsoft.windows.common-controls_6595b64144ccf1df_6.0.18362.418_none_e6c6b287130d565d\COMCTL32.dll
0x00007ffc9e390000 - 0x00007ffc9e6c6000 	C:\Windows\System32\combase.dll
0x00007ffc9db80000 - 0x00007ffc9dc00000 	C:\Windows\System32\bcryptPrimitives.dll
0x00007ffc9e6d0000 - 0x00007ffc9e6fe000 	C:\Windows\System32\IMM32.DLL
0x0000000051170000 - 0x0000000051242000 	C:\Program Files\Java\jdk1.8.0_211\jre\bin\msvcr100.dll
0x00000000508c0000 - 0x0000000051165000 	C:\Program Files\Java\jdk1.8.0_211\jre\bin\server\jvm.dll
0x00007ffc9e2e0000 - 0x00007ffc9e2e8000 	C:\Windows\System32\PSAPI.DLL
0x00007ffc6de60000 - 0x00007ffc6de69000 	C:\Windows\SYSTEM32\WSOCK32.dll
0x00007ffc9f040000 - 0x00007ffc9f0af000 	C:\Windows\System32\WS2_32.dll
0x00007ffc99b30000 - 0x00007ffc99b54000 	C:\Windows\SYSTEM32\WINMM.dll
0x00007ffc96e80000 - 0x00007ffc96e8a000 	C:\Windows\SYSTEM32\VERSION.dll
0x00007ffc99b00000 - 0x00007ffc99b2d000 	C:\Windows\SYSTEM32\WINMMBASE.dll
0x00007ffc9dd50000 - 0x00007ffc9dd9a000 	C:\Windows\System32\cfgmgr32.dll
0x00007ffc85640000 - 0x00007ffc8564f000 	C:\Program Files\Java\jdk1.8.0_211\jre\bin\verify.dll
0x00007ffc82fc0000 - 0x00007ffc82fe9000 	C:\Program Files\Java\jdk1.8.0_211\jre\bin\java.dll
0x00007ffc83040000 - 0x00007ffc83056000 	C:\Program Files\Java\jdk1.8.0_211\jre\bin\zip.dll
0x00007ffc9f330000 - 0x00007ffc9fa15000 	C:\Windows\System32\SHELL32.dll
0x00007ffc9ef90000 - 0x00007ffc9f039000 	C:\Windows\System32\shcore.dll
0x00007ffc9d020000 - 0x00007ffc9d79f000 	C:\Windows\System32\windows.storage.dll
0x00007ffc9cec0000 - 0x00007ffc9cedf000 	C:\Windows\System32\profapi.dll
0x00007ffc9cee0000 - 0x00007ffc9cf2a000 	C:\Windows\System32\powrprof.dll
0x00007ffc9ceb0000 - 0x00007ffc9cec0000 	C:\Windows\System32\UMPDC.dll
0x00007ffc9ee80000 - 0x00007ffc9eed2000 	C:\Windows\System32\shlwapi.dll
0x00007ffc9cf50000 - 0x00007ffc9cf61000 	C:\Windows\System32\kernel.appcore.dll
0x00007ffc9e040000 - 0x00007ffc9e057000 	C:\Windows\System32\cryptsp.dll
0x00007ffc9c250000 - 0x00007ffc9c283000 	C:\Windows\system32\rsaenh.dll
0x00007ffc9e060000 - 0x00007ffc9e086000 	C:\Windows\System32\bcrypt.dll
0x00007ffc9cdd0000 - 0x00007ffc9cdf5000 	C:\Windows\SYSTEM32\USERENV.dll
0x00007ffc9c850000 - 0x00007ffc9c85c000 	C:\Windows\SYSTEM32\CRYPTBASE.dll
0x00007ffc82fa0000 - 0x00007ffc82fba000 	C:\Program Files\Java\jdk1.8.0_211\jre\bin\net.dll
0x00007ffc92950000 - 0x00007ffc92b26000 	C:\Windows\SYSTEM32\urlmon.dll
0x00007ffc926a0000 - 0x00007ffc92946000 	C:\Windows\SYSTEM32\iertutil.dll
0x00007ffc9c6d0000 - 0x00007ffc9c737000 	C:\Windows\system32\mswsock.dll
0x00007ffc9c3f0000 - 0x00007ffc9c42a000 	C:\Windows\SYSTEM32\IPHLPAPI.DLL
0x00007ffc9fa20000 - 0x00007ffc9fa28000 	C:\Windows\System32\NSI.dll
0x00007ffc96db0000 - 0x00007ffc96dc6000 	C:\Windows\SYSTEM32\dhcpcsvc6.DLL
0x00007ffc96d90000 - 0x00007ffc96dac000 	C:\Windows\SYSTEM32\dhcpcsvc.DLL
0x00007ffc9c430000 - 0x00007ffc9c4fa000 	C:\Windows\SYSTEM32\DNSAPI.dll
0x00007ffc810b0000 - 0x00007ffc810c2000 	C:\Program Files\Java\jdk1.8.0_211\jre\bin\nio.dll
0x00007ffc83890000 - 0x00007ffc8389a000 	C:\Users\Marcel\AppData\Local\Temp\jansi-1.17.1-7145478872121357177.dll
0x00007ffc810a0000 - 0x00007ffc810aa000 	C:\Users\Marcel\AppData\Local\Temp\jansi-1.17.1-3011195987746135138.dll
0x00007ffc835c0000 - 0x00007ffc837b4000 	C:\Windows\SYSTEM32\dbghelp.dll

VM Arguments:
jvm_args: -Dmaven.home=EMBEDDED -Dclassworlds.conf=E:\Programmierung\Workspaces\Java\MC-Minigames\.metadata\.plugins\org.eclipse.m2e.launching\launches\m2conf8835745072024258529.tmp -Dmaven.multiModuleProjectDirectory=E:\Programmierung\Workspaces\Java\MC-Minigames\PocketCraft\Bedrock -Dfile.encoding=UTF-8 
java_command: org.codehaus.plexus.classworlds.launcher.Launcher -B --threads 4 install
java_class_path (initial): C:\Users\Marcel\.p2\pool\plugins\org.eclipse.m2e.maven.runtime_1.13.0.20190716-1623\jars\plexus-classworlds-2.6.0.jar
Launcher Type: SUN_STANDARD

Environment Variables:
JAVA_HOME=C:\Program Files\Java\jdk1.8.0_211
PATH=C:/Program Files/Java/jre1.8.0_211/bin/server;C:/Program Files/Java/jre1.8.0_211/bin;C:/Program Files/Java/jre1.8.0_211/lib/amd64;C:\Program Files (x86)\Common Files\Oracle\Java\javapath;C:\Program Files (x86)\Common Files\Intel\Shared Libraries\redist\intel64\compiler;C:\Windows\system32;C:\Windows;C:\Windows\System32\Wbem;C:\Windows\System32\WindowsPowerShell\v1.0\;C:\Windows\System32\OpenSSH\;C:\Program Files\NVIDIA Corporation\NVIDIA NvDLISR;C:\Program Files (x86)\NVIDIA Corporation\PhysX\Common;C:\Program Files\PuTTY\;C:\Users\Marcel\AppData\Local\GitHubDesktop\bin;E:\Programmierung\Eclipse;
USERNAME=Marcel
OS=Windows_NT
PROCESSOR_IDENTIFIER=Intel64 Family 6 Model 158 Stepping 9, GenuineIntel



---------------  S Y S T E M  ---------------

OS: Windows 10.0 , 64 bit Build 18362 (10.0.18362.329)

CPU:total 4 (initial active 4) (4 cores per cpu, 1 threads per core) family 6 model 158 stepping 9, cmov, cx8, fxsr, mmx, sse, sse2, sse3, ssse3, sse4.1, sse4.2, popcnt, avx, avx2, aes, clmul, erms, rtm, 3dnowpref, lzcnt, tsc, tscinvbit, bmi1, bmi2, adx

Memory: 4k page, physical 16640940k(8158408k free), swap 19786668k(6270868k free)

vm_info: Java HotSpot(TM) 64-Bit Server VM (25.211-b12) for windows-amd64 JRE (1.8.0_211-b12), built on Apr  1 2019 20:53:26 by "java_re" with MS VC++ 10.0 (VS2010)

time: Sun Oct 13 13:26:04 2019
timezone: Mitteleuropäische Sommerzeit
elapsed time: 2 seconds (0d 0h 0m 2s)

