#
# A fatal error has been detected by the Java Runtime Environment:
#
#  EXCEPTION_ACCESS_VIOLATION (0xc0000005) at pc=0x00000000532318cb, pid=2632, tid=0x0000000000000518
#
# JRE version: Java(TM) SE Runtime Environment (8.0_211-b12) (build 1.8.0_211-b12)
# Java VM: Java HotSpot(TM) 64-Bit Server VM (25.211-b12 mixed mode windows-amd64 compressed oops)
# Problematic frame:
# V  [jvm.dll+0x5118cb]
#
# Failed to write core dump. Minidumps are not enabled by default on client versions of Windows
#
# If you would like to submit a bug report, please visit:
#   http://bugreport.java.com/bugreport/crash.jsp
#

---------------  T H R E A D  ---------------

Current thread (0x000000001c9a8800):  JavaThread "C2 CompilerThread0" daemon [_thread_in_native, id=1304, stack(0x000000001e040000,0x000000001e140000)]

siginfo: ExceptionCode=0xc0000005, reading address 0x0000000000000060

Registers:
RAX=0x0000000000000000, RBX=0x000000001e13d2d8, RCX=0x0000000017d2a560, RDX=0x0000000017d2a560
RSP=0x000000001e13bb20, RBP=0x0000000000020000, RSI=0x0000000000000d5b, RDI=0x0000000017d2a560
R8 =0x000000001eeed7d0, R9 =0x00000000000032a5, R10=0x0000000000003fff, R11=0x0000000021034690
R12=0x0000000000002000, R13=0x000000001fe29820, R14=0x0000000000000d71, R15=0x000000002143c1c0
RIP=0x00000000532318cb, EFLAGS=0x0000000000010202

Top of Stack: (sp=0x000000001e13bb20)
0x000000001e13bb20:   000000001e13d2d8 0000000000000dcd
0x000000001e13bb30:   000000002117a510 00000000532545b8
0x000000001e13bb40:   000000001e13d2d8 0000000053231c6c
0x000000001e13bb50:   000000001f6e92a0 0000000000000d5b
0x000000001e13bb60:   000000001e13ec18 000000005325393e
0x000000001e13bb70:   000000002143c160 0000000053232426
0x000000001e13bb80:   000000001e13d2d8 0000000000000d70
0x000000001e13bb90:   000000001e13d2d8 0000000000000000
0x000000001e13bba0:   000000002143c1c8 0000000020f23f20
0x000000001e13bbb0:   000000002143c160 0000000000000001
0x000000001e13bbc0:   0000000020561a00 00000000532347db
0x000000001e13bbd0:   0000000000000001 000000001e13d2d8
0x000000001e13bbe0:   000000001fe29820 000000001e13c950
0x000000001e13bbf0:   00000000205618e0 0000000000000008
0x000000001e13bc00:   000000001e13bea0 0000000020560d10
0x000000001e13bc10:   0000000020561a00 0000000020561830 

Instructions: (pc=0x00000000532318cb)
0x00000000532318ab:   cc cc cc cc cc 48 89 5c 24 08 48 89 74 24 10 57
0x00000000532318bb:   48 83 ec 20 48 8b 02 48 8b d9 48 8b ca 48 8b fa
0x00000000532318cb:   ff 50 60 8b f0 85 c0 74 54 ff 43 0c 44 8b 43 0c
0x00000000532318db:   44 3b 43 10 75 08 48 8b cb e8 a7 02 00 00 44 8b 


Register to memory mapping:

RAX=0x0000000000000000 is an unknown value
RBX=0x000000001e13d2d8 is pointing into the stack for thread: 0x000000001c9a8800
RCX=0x0000000017d2a560 is an unknown value
RDX=0x0000000017d2a560 is an unknown value
RSP=0x000000001e13bb20 is pointing into the stack for thread: 0x000000001c9a8800
RBP=0x0000000000020000 is an unknown value
RSI=0x0000000000000d5b is an unknown value
RDI=0x0000000017d2a560 is an unknown value
R8 =0x000000001eeed7d0 is an unknown value
R9 =0x00000000000032a5 is an unknown value
R10=0x0000000000003fff is an unknown value
R11=0x0000000021034690 is an unknown value
R12=0x0000000000002000 is an unknown value
R13=0x000000001fe29820 is an unknown value
R14=0x0000000000000d71 is an unknown value
R15=0x000000002143c1c0 is an unknown value


Stack: [0x000000001e040000,0x000000001e140000],  sp=0x000000001e13bb20,  free space=1006k
Native frames: (J=compiled Java code, j=interpreted, Vv=VM code, C=native code)
V  [jvm.dll+0x5118cb]
V  [jvm.dll+0x511c6c]
V  [jvm.dll+0x512426]
V  [jvm.dll+0x5147db]
V  [jvm.dll+0x4e4d7e]
V  [jvm.dll+0x4e6079]
V  [jvm.dll+0x479995]
V  [jvm.dll+0x47a6b3]
V  [jvm.dll+0x45cfa2]
V  [jvm.dll+0xa6b22]
V  [jvm.dll+0xa746f]
V  [jvm.dll+0x2466ff]
V  [jvm.dll+0x29fc6a]
C  [msvcr100.dll+0x21d9f]
C  [msvcr100.dll+0x21e3b]
C  [KERNEL32.DLL+0x17bd4]
C  [ntdll.dll+0x6ced1]


Current CompileTask:
C2:   2097 3075       4       org.apache.maven.model.merge.MavenModelMerger::mergePlugin_Executions (235 bytes)


---------------  P R O C E S S  ---------------

Java Threads: ( => current thread )
  0x000000001c9fd800 JavaThread "Service Thread" daemon [_thread_blocked, id=2888, stack(0x000000001e740000,0x000000001e840000)]
  0x000000001c9b4800 JavaThread "C1 CompilerThread2" daemon [_thread_blocked, id=14040, stack(0x000000001e240000,0x000000001e340000)]
  0x000000001c9af000 JavaThread "C2 CompilerThread1" daemon [_thread_in_native, id=7648, stack(0x000000001e140000,0x000000001e240000)]
=>0x000000001c9a8800 JavaThread "C2 CompilerThread0" daemon [_thread_in_native, id=1304, stack(0x000000001e040000,0x000000001e140000)]
  0x000000001c9a5800 JavaThread "Attach Listener" daemon [_thread_blocked, id=13916, stack(0x000000001df40000,0x000000001e040000)]
  0x000000001c9a2000 JavaThread "Signal Dispatcher" daemon [_thread_blocked, id=13664, stack(0x000000001de40000,0x000000001df40000)]
  0x00000000033fa800 JavaThread "Finalizer" daemon [_thread_blocked, id=14212, stack(0x000000001dc10000,0x000000001dd10000)]
  0x00000000033f2000 JavaThread "Reference Handler" daemon [_thread_blocked, id=7428, stack(0x000000001db10000,0x000000001dc10000)]
  0x00000000032fe800 JavaThread "main" [_thread_in_Java, id=13596, stack(0x0000000003140000,0x0000000003240000)]

Other Threads:
  0x000000001c967000 VMThread [stack: 0x000000001da10000,0x000000001db10000] [id=1448]
  0x000000001c9fe800 WatcherThread [stack: 0x000000001e840000,0x000000001e940000] [id=7452]

VM state:not at safepoint (normal execution)

VM Mutex/Monitor currently owned by a thread: None

heap address: 0x00000006c2000000, size: 4064 MB, Compressed Oops mode: Zero based, Oop shift amount: 3
Narrow klass base: 0x0000000000000000, Narrow klass shift: 3
Compressed class space size: 1073741824 Address: 0x00000007c0000000

Heap:
 PSYoungGen      total 75776K, used 14137K [0x000000076b580000, 0x0000000774980000, 0x00000007c0000000)
  eden space 65024K, 6% used [0x000000076b580000,0x000000076b986590,0x000000076f500000)
  from space 10752K, 93% used [0x000000076f500000,0x000000076fec7f58,0x000000076ff80000)
  to   space 10752K, 0% used [0x0000000773f00000,0x0000000773f00000,0x0000000774980000)
 ParOldGen       total 173568K, used 24K [0x00000006c2000000, 0x00000006cc980000, 0x000000076b580000)
  object space 173568K, 0% used [0x00000006c2000000,0x00000006c2006000,0x00000006cc980000)
 Metaspace       used 17116K, capacity 17590K, committed 17792K, reserved 1064960K
  class space    used 1996K, capacity 2093K, committed 2176K, reserved 1048576K

Card table byte_map: [0x00000000127c0000,0x0000000012fc0000] byte_map_base: 0x000000000f1b0000

Marking Bits: (ParMarkBitMap*) 0x0000000053545ce0
 Begin Bits: [0x0000000013910000, 0x0000000017890000)
 End Bits:   [0x0000000017890000, 0x000000001b810000)

Polling page: 0x00000000017a0000

CodeCache: size=245760Kb used=10926Kb max_used=10926Kb free=234833Kb
 bounds [0x0000000003400000, 0x0000000003ec0000, 0x0000000012400000]
 total_blobs=3513 nmethods=3137 adapters=288
 compilation: enabled

Compilation events (10 events):
Event: 2.068 Thread 0x000000001c9b4800 nmethod 3096 0x0000000003e5f6d0 code [0x0000000003e5f820, 0x0000000003e5f990]
Event: 2.068 Thread 0x000000001c9b4800 3097       3       org.eclipse.aether.graph.DefaultDependencyNode::setAliases (29 bytes)
Event: 2.068 Thread 0x000000001c9b4800 nmethod 3097 0x0000000003e5f110 code [0x0000000003e5f280, 0x0000000003e5f5e8]
Event: 2.070 Thread 0x000000001c9b4800 3099       1       org.apache.maven.model.Model::getModelVersion (5 bytes)
Event: 2.070 Thread 0x000000001c9b4800 nmethod 3099 0x0000000003e12290 code [0x0000000003e123e0, 0x0000000003e124f0]
Event: 2.071 Thread 0x000000001c9b4800 3100       3       org.codehaus.plexus.util.xml.pull.MXParser::parseProlog (666 bytes)
Event: 2.072 Thread 0x000000001c9b4800 nmethod 3100 0x0000000003e74e10 code [0x0000000003e75360, 0x0000000003e78378]
Event: 2.072 Thread 0x000000001c9b4800 3102       3       org.eclipse.aether.util.graph.manager.ClassicDependencyManager::manageDependency (361 bytes)
Event: 2.073 Thread 0x000000001c9b4800 nmethod 3102 0x0000000003e79ad0 code [0x0000000003e79fa0, 0x0000000003e7d688]
Event: 2.073 Thread 0x000000001c9b4800 3103       3       org.apache.maven.model.merge.ModelMerger::mergeDependencyManagement_Dependencies (191 bytes)

GC Heap History (5 events):
Event: 0.956 GC heap before
{Heap before GC invocations=1 (full 0):
 PSYoungGen      total 75776K, used 65024K [0x000000076b580000, 0x0000000770a00000, 0x00000007c0000000)
  eden space 65024K, 100% used [0x000000076b580000,0x000000076f500000,0x000000076f500000)
  from space 10752K, 0% used [0x000000076ff80000,0x000000076ff80000,0x0000000770a00000)
  to   space 10752K, 0% used [0x000000076f500000,0x000000076f500000,0x000000076ff80000)
 ParOldGen       total 173568K, used 0K [0x00000006c2000000, 0x00000006cc980000, 0x000000076b580000)
  object space 173568K, 0% used [0x00000006c2000000,0x00000006c2000000,0x00000006cc980000)
 Metaspace       used 11977K, capacity 12212K, committed 12416K, reserved 1060864K
  class space    used 1474K, capacity 1576K, committed 1664K, reserved 1048576K
Event: 0.961 GC heap after
Heap after GC invocations=1 (full 0):
 PSYoungGen      total 75776K, used 9994K [0x000000076b580000, 0x0000000770a00000, 0x00000007c0000000)
  eden space 65024K, 0% used [0x000000076b580000,0x000000076b580000,0x000000076f500000)
  from space 10752K, 92% used [0x000000076f500000,0x000000076fec28a0,0x000000076ff80000)
  to   space 10752K, 0% used [0x000000076ff80000,0x000000076ff80000,0x0000000770a00000)
 ParOldGen       total 173568K, used 16K [0x00000006c2000000, 0x00000006cc980000, 0x000000076b580000)
  object space 173568K, 0% used [0x00000006c2000000,0x00000006c2004000,0x00000006cc980000)
 Metaspace       used 11977K, capacity 12212K, committed 12416K, reserved 1060864K
  class space    used 1474K, capacity 1576K, committed 1664K, reserved 1048576K
}
Event: 1.613 GC heap before
{Heap before GC invocations=2 (full 0):
 PSYoungGen      total 75776K, used 75018K [0x000000076b580000, 0x0000000770a00000, 0x00000007c0000000)
  eden space 65024K, 100% used [0x000000076b580000,0x000000076f500000,0x000000076f500000)
  from space 10752K, 92% used [0x000000076f500000,0x000000076fec28a0,0x000000076ff80000)
  to   space 10752K, 0% used [0x000000076ff80000,0x000000076ff80000,0x0000000770a00000)
 ParOldGen       total 173568K, used 16K [0x00000006c2000000, 0x00000006cc980000, 0x000000076b580000)
  object space 173568K, 0% used [0x00000006c2000000,0x00000006c2004000,0x00000006cc980000)
 Metaspace       used 15653K, capacity 15940K, committed 16128K, reserved 1062912K
  class space    used 1888K, capacity 1988K, committed 2048K, reserved 1048576K
Event: 1.626 GC heap after
Heap after GC invocations=2 (full 0):
 PSYoungGen      total 75776K, used 9230K [0x000000076b580000, 0x0000000774980000, 0x00000007c0000000)
  eden space 65024K, 0% used [0x000000076b580000,0x000000076b580000,0x000000076f500000)
  from space 10752K, 85% used [0x000000076ff80000,0x0000000770883920,0x0000000770a00000)
  to   space 10752K, 0% used [0x000000076f500000,0x000000076f500000,0x000000076ff80000)
 ParOldGen       total 173568K, used 16K [0x00000006c2000000, 0x00000006cc980000, 0x000000076b580000)
  object space 173568K, 0% used [0x00000006c2000000,0x00000006c2004000,0x00000006cc980000)
 Metaspace       used 15653K, capacity 15940K, committed 16128K, reserved 1062912K
  class space    used 1888K, capacity 1988K, committed 2048K, reserved 1048576K
}
Event: 2.074 GC heap before
{Heap before GC invocations=3 (full 0):
 PSYoungGen      total 75776K, used 74254K [0x000000076b580000, 0x0000000774980000, 0x00000007c0000000)
  eden space 65024K, 100% used [0x000000076b580000,0x000000076f500000,0x000000076f500000)
  from space 10752K, 85% used [0x000000076ff80000,0x0000000770883920,0x0000000770a00000)
  to   space 10752K, 0% used [0x000000076f500000,0x000000076f500000,0x000000076ff80000)
 ParOldGen       total 173568K, used 16K [0x00000006c2000000, 0x00000006cc980000, 0x000000076b580000)
  object space 173568K, 0% used [0x00000006c2000000,0x00000006c2004000,0x00000006cc980000)
 Metaspace       used 17075K, capacity 17526K, committed 17792K, reserved 1064960K
  class space    used 1996K, capacity 2093K, committed 2176K, reserved 1048576K

Deoptimization events (10 events):
Event: 1.686 Thread 0x00000000032fe800 Uncommon trap: reason=null_check action=make_not_entrant pc=0x0000000003bf23d0 method=org.codehaus.plexus.interpolation.reflection.ReflectionValueExtractor.getClassMap(Ljava/lang/Class;)Lorg/codehaus/plexus/interpolation/reflection/ClassMap; @ 21
Event: 1.724 Thread 0x00000000032fe800 Uncommon trap: reason=bimorphic action=maybe_recompile pc=0x0000000003a7ae94 method=java.util.concurrent.ConcurrentHashMap.get(Ljava/lang/Object;)Ljava/lang/Object; @ 149
Event: 1.745 Thread 0x00000000032fe800 Uncommon trap: reason=bimorphic action=maybe_recompile pc=0x0000000003a7ae94 method=java.util.concurrent.ConcurrentHashMap.get(Ljava/lang/Object;)Ljava/lang/Object; @ 149
Event: 1.764 Thread 0x00000000032fe800 Uncommon trap: reason=unstable_if action=reinterpret pc=0x0000000003a7a51c method=java.util.LinkedHashMap.afterNodeInsertion(Z)V @ 18
Event: 1.776 Thread 0x00000000032fe800 Uncommon trap: reason=unstable_if action=reinterpret pc=0x0000000003ac4f7c method=org.apache.maven.model.io.xpp3.MavenXpp3Reader.nextTag(Lorg/codehaus/plexus/util/xml/pull/XmlPullParser;)I @ 9
Event: 1.786 Thread 0x00000000032fe800 Uncommon trap: reason=predicate action=maybe_recompile pc=0x00000000036f0f58 method=java.nio.charset.CharsetDecoder.decode(Ljava/nio/ByteBuffer;Ljava/nio/CharBuffer;Z)Ljava/nio/charset/CoderResult; @ 54
Event: 1.817 Thread 0x00000000032fe800 Uncommon trap: reason=bimorphic action=maybe_recompile pc=0x0000000003a7ae94 method=java.util.concurrent.ConcurrentHashMap.get(Ljava/lang/Object;)Ljava/lang/Object; @ 149
Event: 1.818 Thread 0x00000000032fe800 Uncommon trap: reason=bimorphic action=maybe_recompile pc=0x0000000003a7ae94 method=java.util.concurrent.ConcurrentHashMap.get(Ljava/lang/Object;)Ljava/lang/Object; @ 149
Event: 1.876 Thread 0x00000000032fe800 Uncommon trap: reason=unstable_if action=reinterpret pc=0x0000000003c56fa4 method=org.eclipse.sisu.plexus.RealmFilteredBeans$FilteredItr.hasNext()Z @ 44
Event: 2.004 Thread 0x00000000032fe800 Uncommon trap: reason=unstable_if action=reinterpret pc=0x00000000037bd83c method=java.util.concurrent.ConcurrentHashMap.putVal(Ljava/lang/Object;Ljava/lang/Object;Z)Ljava/lang/Object; @ 206

Classes redefined (0 events):
No events

Internal exceptions (10 events):
Event: 1.140 Thread 0x00000000032fe800 Exception <a 'java/lang/NullPointerException'> (0x000000076c3e5438) thrown at [C:\re\workspace\8-2-build-windows-amd64-cygwin\jdk8u211\12973\hotspot\src\share\vm\interpreter\linkResolver.cpp, line 1185]
Event: 1.140 Thread 0x00000000032fe800 Exception <a 'java/lang/NullPointerException'> (0x000000076c3e5650) thrown at [C:\re\workspace\8-2-build-windows-amd64-cygwin\jdk8u211\12973\hotspot\src\share\vm\interpreter\linkResolver.cpp, line 1185]
Event: 1.140 Thread 0x00000000032fe800 Exception <a 'java/lang/NullPointerException'> (0x000000076c3eefe0) thrown at [C:\re\workspace\8-2-build-windows-amd64-cygwin\jdk8u211\12973\hotspot\src\share\vm\interpreter\linkResolver.cpp, line 1185]
Event: 1.140 Thread 0x00000000032fe800 Exception <a 'java/lang/NullPointerException'> (0x000000076c3ef1f8) thrown at [C:\re\workspace\8-2-build-windows-amd64-cygwin\jdk8u211\12973\hotspot\src\share\vm\interpreter\linkResolver.cpp, line 1185]
Event: 1.140 Thread 0x00000000032fe800 Exception <a 'java/lang/NullPointerException'> (0x000000076c3ef410) thrown at [C:\re\workspace\8-2-build-windows-amd64-cygwin\jdk8u211\12973\hotspot\src\share\vm\interpreter\linkResolver.cpp, line 1185]
Event: 1.157 Thread 0x00000000032fe800 Implicit null exception at 0x00000000035fb996 to 0x00000000035fbd39
Event: 1.157 Thread 0x00000000032fe800 Implicit null exception at 0x00000000035e7e14 to 0x00000000035e81d9
Event: 1.235 Thread 0x00000000032fe800 Implicit null exception at 0x00000000037fe415 to 0x00000000037fe639
Event: 1.277 Thread 0x00000000032fe800 Implicit null exception at 0x0000000003a65cc3 to 0x0000000003a65f0d
Event: 1.686 Thread 0x00000000032fe800 Implicit null exception at 0x0000000003bf1bab to 0x0000000003bf23c1

Events (10 events):
Event: 1.999 loading class org/apache/maven/shared/utils/io/DirectoryScanResult
Event: 1.999 loading class org/apache/maven/shared/utils/io/DirectoryScanResult done
Event: 1.999 loading class org/apache/maven/shared/utils/io/DirectoryScanResult
Event: 1.999 loading class org/apache/maven/shared/utils/io/DirectoryScanResult done
Event: 2.004 Thread 0x00000000032fe800 Uncommon trap: trap_request=0xffffff65 fr.pc=0x00000000037bd83c
Event: 2.004 Thread 0x00000000032fe800 DEOPT PACKING pc=0x00000000037bd83c sp=0x000000000323de90
Event: 2.004 Thread 0x00000000032fe800 DEOPT UNPACKING pc=0x000000000344583b sp=0x000000000323de20 mode 2
Event: 2.009 loading class sun/misc/FloatingDecimal$ASCIIToBinaryBuffer
Event: 2.009 loading class sun/misc/FloatingDecimal$ASCIIToBinaryBuffer done
Event: 2.073 Executing VM operation: ParallelGCFailedAllocation


Dynamic libraries:
0x00007ff6bf320000 - 0x00007ff6bf357000 	C:\Program Files\Java\jdk1.8.0_211\bin\javaw.exe
0x00007ffef44c0000 - 0x00007ffef46b0000 	C:\Windows\SYSTEM32\ntdll.dll
0x00007ffef3480000 - 0x00007ffef3532000 	C:\Windows\System32\KERNEL32.DLL
0x00007ffef2240000 - 0x00007ffef24e3000 	C:\Windows\System32\KERNELBASE.dll
0x00007ffef33d0000 - 0x00007ffef3473000 	C:\Windows\System32\ADVAPI32.dll
0x00007ffef41a0000 - 0x00007ffef423e000 	C:\Windows\System32\msvcrt.dll
0x00007ffef4380000 - 0x00007ffef4417000 	C:\Windows\System32\sechost.dll
0x00007ffef3f20000 - 0x00007ffef4040000 	C:\Windows\System32\RPCRT4.dll
0x00007ffef3160000 - 0x00007ffef32f4000 	C:\Windows\System32\USER32.dll
0x00007ffef21f0000 - 0x00007ffef2211000 	C:\Windows\System32\win32u.dll
0x00007ffef2570000 - 0x00007ffef2596000 	C:\Windows\System32\GDI32.dll
0x00007ffef2050000 - 0x00007ffef21e4000 	C:\Windows\System32\gdi32full.dll
0x00007ffef1630000 - 0x00007ffef16ce000 	C:\Windows\System32\msvcp_win.dll
0x00007ffef1480000 - 0x00007ffef157a000 	C:\Windows\System32\ucrtbase.dll
0x00007ffedf970000 - 0x00007ffedfbf5000 	C:\Windows\WinSxS\amd64_microsoft.windows.common-controls_6595b64144ccf1df_6.0.18362.418_none_e6c6b287130d565d\COMCTL32.dll
0x00007ffef3af0000 - 0x00007ffef3e26000 	C:\Windows\System32\combase.dll
0x00007ffef24f0000 - 0x00007ffef2570000 	C:\Windows\System32\bcryptPrimitives.dll
0x00007ffef3060000 - 0x00007ffef308e000 	C:\Windows\System32\IMM32.DLL
0x00000000535d0000 - 0x00000000536a2000 	C:\Program Files\Java\jdk1.8.0_211\jre\bin\msvcr100.dll
0x0000000052d20000 - 0x00000000535c5000 	C:\Program Files\Java\jdk1.8.0_211\jre\bin\server\jvm.dll
0x00007ffef3ae0000 - 0x00007ffef3ae8000 	C:\Windows\System32\PSAPI.DLL
0x00007ffede470000 - 0x00007ffede479000 	C:\Windows\SYSTEM32\WSOCK32.dll
0x00007ffeee010000 - 0x00007ffeee034000 	C:\Windows\SYSTEM32\WINMM.dll
0x00007ffef3eb0000 - 0x00007ffef3f1f000 	C:\Windows\System32\WS2_32.dll
0x00007ffeedfe0000 - 0x00007ffeee00d000 	C:\Windows\SYSTEM32\WINMMBASE.dll
0x00007ffeebfb0000 - 0x00007ffeebfba000 	C:\Windows\SYSTEM32\VERSION.dll
0x00007ffef1fa0000 - 0x00007ffef1fea000 	C:\Windows\System32\cfgmgr32.dll
0x00007ffeede10000 - 0x00007ffeede1f000 	C:\Program Files\Java\jdk1.8.0_211\jre\bin\verify.dll
0x00007ffee6080000 - 0x00007ffee60a9000 	C:\Program Files\Java\jdk1.8.0_211\jre\bin\java.dll
0x00007ffee1080000 - 0x00007ffee1096000 	C:\Program Files\Java\jdk1.8.0_211\jre\bin\zip.dll
0x00007ffef25a0000 - 0x00007ffef2c85000 	C:\Windows\System32\SHELL32.dll
0x00007ffef2c90000 - 0x00007ffef2d39000 	C:\Windows\System32\shcore.dll
0x00007ffef1820000 - 0x00007ffef1f9f000 	C:\Windows\System32\windows.storage.dll
0x00007ffef1430000 - 0x00007ffef144f000 	C:\Windows\System32\profapi.dll
0x00007ffef13c0000 - 0x00007ffef140a000 	C:\Windows\System32\powrprof.dll
0x00007ffef1390000 - 0x00007ffef13a0000 	C:\Windows\System32\UMPDC.dll
0x00007ffef3540000 - 0x00007ffef3592000 	C:\Windows\System32\shlwapi.dll
0x00007ffef13a0000 - 0x00007ffef13b1000 	C:\Windows\System32\kernel.appcore.dll
0x00007ffef2220000 - 0x00007ffef2237000 	C:\Windows\System32\cryptsp.dll
0x00007ffef0730000 - 0x00007ffef0763000 	C:\Windows\system32\rsaenh.dll
0x00007ffef1450000 - 0x00007ffef1476000 	C:\Windows\System32\bcrypt.dll
0x00007ffef12b0000 - 0x00007ffef12d5000 	C:\Windows\SYSTEM32\USERENV.dll
0x00007ffef0d30000 - 0x00007ffef0d3c000 	C:\Windows\SYSTEM32\CRYPTBASE.dll
0x00007ffed8920000 - 0x00007ffed893a000 	C:\Program Files\Java\jdk1.8.0_211\jre\bin\net.dll
0x00007ffee1f00000 - 0x00007ffee20d6000 	C:\Windows\SYSTEM32\urlmon.dll
0x00007ffedcac0000 - 0x00007ffedcd66000 	C:\Windows\SYSTEM32\iertutil.dll
0x00007ffef0bb0000 - 0x00007ffef0c17000 	C:\Windows\system32\mswsock.dll
0x00007ffef08d0000 - 0x00007ffef090a000 	C:\Windows\SYSTEM32\IPHLPAPI.DLL
0x00007ffef2ef0000 - 0x00007ffef2ef8000 	C:\Windows\System32\NSI.dll
0x00007ffeec150000 - 0x00007ffeec166000 	C:\Windows\SYSTEM32\dhcpcsvc6.DLL
0x00007ffeec0e0000 - 0x00007ffeec0fc000 	C:\Windows\SYSTEM32\dhcpcsvc.DLL
0x00007ffef0910000 - 0x00007ffef09da000 	C:\Windows\SYSTEM32\DNSAPI.dll
0x00007ffecf850000 - 0x00007ffecf862000 	C:\Program Files\Java\jdk1.8.0_211\jre\bin\nio.dll
0x00007ffeec5f0000 - 0x00007ffeec5fa000 	C:\Users\Marcel\AppData\Local\Temp\jansi-1.17.1-6858969510192725983.dll
0x00007ffeeaa50000 - 0x00007ffeeaa5a000 	C:\Users\Marcel\AppData\Local\Temp\jansi-1.17.1-8187279227245395368.dll
0x00007ffeea240000 - 0x00007ffeea434000 	C:\Windows\SYSTEM32\dbghelp.dll

VM Arguments:
jvm_args: -Dmaven.home=EMBEDDED -Dclassworlds.conf=E:\Programmierung\Workspaces\Java\MC-Minigames\.metadata\.plugins\org.eclipse.m2e.launching\launches\m2conf2385755441757558606.tmp -Dmaven.multiModuleProjectDirectory=E:\Programmierung\Workspaces\Java\MC-Minigames\PocketCraft\Bedrock -Dfile.encoding=UTF-8 
java_command: org.codehaus.plexus.classworlds.launcher.Launcher -B install
java_class_path (initial): C:\Users\Marcel\.p2\pool\plugins\org.eclipse.m2e.maven.runtime_1.13.0.20190716-1623\jars\plexus-classworlds-2.6.0.jar
Launcher Type: SUN_STANDARD

Environment Variables:
JAVA_HOME=C:\Program Files\Java\jdk1.8.0_211
PATH=C:/Program Files/Java/jre1.8.0_211/bin/server;C:/Program Files/Java/jre1.8.0_211/bin;C:/Program Files/Java/jre1.8.0_211/lib/amd64;C:\Program Files (x86)\Common Files\Oracle\Java\javapath;C:\Program Files (x86)\Common Files\Intel\Shared Libraries\redist\intel64\compiler;C:\Windows\system32;C:\Windows;C:\Windows\System32\Wbem;C:\Windows\System32\WindowsPowerShell\v1.0\;C:\Windows\System32\OpenSSH\;C:\Program Files\NVIDIA Corporation\NVIDIA NvDLISR;C:\Program Files (x86)\NVIDIA Corporation\PhysX\Common;C:\Program Files\PuTTY\;C:\Users\Marcel\AppData\Local\GitHubDesktop\bin;E:\Programmierung\Eclipse;
USERNAME=Marcel
OS=Windows_NT
PROCESSOR_IDENTIFIER=Intel64 Family 6 Model 158 Stepping 9, GenuineIntel



---------------  S Y S T E M  ---------------

OS: Windows 10.0 , 64 bit Build 18362 (10.0.18362.329)

CPU:total 4 (initial active 4) (4 cores per cpu, 1 threads per core) family 6 model 158 stepping 9, cmov, cx8, fxsr, mmx, sse, sse2, sse3, ssse3, sse4.1, sse4.2, popcnt, avx, avx2, aes, clmul, erms, rtm, 3dnowpref, lzcnt, tsc, tscinvbit, bmi1, bmi2, adx

Memory: 4k page, physical 16640940k(5522220k free), swap 19786668k(4960424k free)

vm_info: Java HotSpot(TM) 64-Bit Server VM (25.211-b12) for windows-amd64 JRE (1.8.0_211-b12), built on Apr  1 2019 20:53:26 by "java_re" with MS VC++ 10.0 (VS2010)

time: Sun Oct 13 10:28:57 2019
timezone: Mitteleuropäische Sommerzeit
elapsed time: 2 seconds (0d 0h 0m 2s)

